   2383 arinaka   20   0   37412  33664   2944 R 100.0   0.8   0:00.49 mem.sh
   2383 arinaka   20   0  389588 385792   2944 R 100.0   9.6   0:05.96 mem.sh
   2383 arinaka   20   0  743216 739456   2944 R 100.0  18.5   0:11.44 mem.sh
   2383 arinaka   20   0 1095524   1.0g   2944 R  93.8  27.3   0:16.91 mem.sh
   2383 arinaka   20   0 1450868   1.4g   2944 R 100.0  36.2   0:22.39 mem.sh
   2383 arinaka   20   0 1807136   1.7g   2944 R 100.0  45.1   0:27.87 mem.sh
   2383 arinaka   20   0 2160632   2.1g   2944 R  87.5  53.9   0:33.34 mem.sh
   2383 arinaka   20   0 2515712   2.4g   2688 R  93.8  62.8   0:38.83 mem.sh
   2383 arinaka   20   0 2875280   2.7g   2560 R 100.0  70.0   0:44.32 mem.sh
   2383 arinaka   20   0 3237488   2.8g   2560 R 100.0  73.5   0:49.80 mem.sh
   2383 arinaka   20   0 3599432   2.9g   2432 R 100.0  76.8   0:55.29 mem.sh
   2383 arinaka   20   0 3963620   3.0g   2432 R 100.0  78.8   1:00.77 mem.sh
   2383 arinaka   20   0 4327544   3.1g   2432 R  93.8  81.4   1:06.25 mem.sh
   2383 arinaka   20   0 4687376   3.2g   2432 R 100.0  82.8   1:11.74 mem.sh
   2383 arinaka   20   0 5049848   3.3g   2432 R 100.0  87.3   1:17.22 mem.sh
   2383 arinaka   20   0 5412980   3.3g   2432 R 100.0  86.7   1:22.77 mem.sh
   2383 arinaka   20   0 5772812   3.3g   2432 R 100.0  87.7   1:28.25 mem.sh
   2383 arinaka   20   0 6138320   3.3g   2432 R 100.0  87.2   1:33.83 mem.sh
   2383 arinaka   20   0 6497360   3.4g   2432 R 100.0  87.9   1:39.31 mem.sh
   2383 arinaka   20   0 6861416   3.4g   2432 R 100.0  88.5   1:44.79 mem.sh
   2383 arinaka   20   0 6946820   3.4g   1280 R  33.3  90.0   1:47.76 mem.sh