MiB Swap:   3904.0 total,   3904.0 free,      0.0 used.   2751.2 avail Mem 
MiB Swap:   3904.0 total,   3904.0 free,      0.0 used.   2411.3 avail Mem 
MiB Swap:   3904.0 total,   3904.0 free,      0.0 used.   2064.8 avail Mem 
MiB Swap:   3904.0 total,   3904.0 free,      0.0 used.   1720.1 avail Mem 
MiB Swap:   3904.0 total,   3904.0 free,      0.0 used.   1433.1 avail Mem 
MiB Swap:   3904.0 total,   3904.0 free,      0.0 used.   1084.6 avail Mem 
MiB Swap:   3904.0 total,   3904.0 free,      0.0 used.    740.6 avail Mem 
MiB Swap:   3904.0 total,   3880.1 free,     23.9 used.    406.7 avail Mem 
MiB Swap:   3904.0 total,   3747.1 free,    156.9 used.    177.6 avail Mem 
MiB Swap:   3904.0 total,   3458.6 free,    445.4 used.    103.8 avail Mem 
MiB Swap:   3904.0 total,   3097.3 free,    806.7 used.    104.3 avail Mem 
MiB Swap:   3904.0 total,   2796.3 free,   1107.7 used.     79.8 avail Mem 
MiB Swap:   3904.0 total,   2442.2 free,   1461.8 used.     94.0 avail Mem 
MiB Swap:   3904.0 total,   2113.8 free,   1790.2 used.     67.4 avail Mem 
MiB Swap:   3904.0 total,   1784.4 free,   2119.6 used.     53.7 avail Mem 
MiB Swap:   3904.0 total,   1434.6 free,   2469.4 used.     51.7 avail Mem 
MiB Swap:   3904.0 total,   1056.6 free,   2847.4 used.     78.5 avail Mem 
MiB Swap:   3904.0 total,    673.6 free,   3230.4 used.     74.7 avail Mem 
MiB Swap:   3904.0 total,    350.1 free,   3553.9 used.     85.9 avail Mem 
MiB Swap:   3904.0 total,     21.6 free,   3882.4 used.     64.0 avail Mem 
MiB Swap:   3904.0 total,      0.0 free,   3904.0 used.      8.1 avail Mem 
MiB Swap:   3904.0 total,   3252.2 free,    651.8 used.   3520.4 avail Mem 