   1698 arinaka   20   0 4991064 107612  41736 S  13.3   2.7   0:23.63 gnome-s+
   2571 arinaka   20   0 2266972  59564  33908 S   0.0   1.5   0:30.02 gnome-t+
   2524 arinaka   20   0 2275424  49932  24932 S  20.0   1.2   0:04.71 nautilus
   2702 arinaka   20   0   48236  44288   2816 R 100.0   1.1   0:00.65 mem.sh
   2208 arinaka   20   0 2895668  29712  23412 S   0.0   0.7   0:00.47 gjs

   2702 arinaka   20   0  421796 418048   2944 R 100.0  10.5   0:06.29 mem.sh
   1698 arinaka   20   0 4995224 107612  41736 S   0.0   2.7   0:23.70 gnome-s+
   2571 arinaka   20   0 2266972  59564  33908 S   0.0   1.5   0:30.02 gnome-t+
   2524 arinaka   20   0 2275748  50316  24932 S   0.0   1.3   0:04.78 nautilus
   2208 arinaka   20   0 2895668  29712  23412 S   0.0   0.7   0:00.47 gjs

   2702 arinaka   20   0  793904 790016   2944 R 100.0  19.8   0:11.93 mem.sh
   1698 arinaka   20   0 4991064 107612  41736 S   0.0   2.7   0:23.71 gnome-s+
   2571 arinaka   20   0 2266972  59564  33908 S   0.0   1.5   0:30.02 gnome-t+
   2524 arinaka   20   0 2275748  50316  24932 S   0.0   1.3   0:04.80 nautilus
   2208 arinaka   20   0 2895668  29712  23412 S   0.0   0.7   0:00.47 gjs

   2702 arinaka   20   0 1167728   1.1g   2944 R 100.0  29.1   0:17.57 mem.sh
   1698 arinaka   20   0 4991064 107612  41736 S   0.0   2.7   0:23.71 gnome-s+
   2571 arinaka   20   0 2266972  59564  33908 S   0.0   1.5   0:30.02 gnome-t+
   2524 arinaka   20   0 2275748  50316  24932 S   0.0   1.3   0:04.81 nautilus
   2208 arinaka   20   0 2895668  29712  23412 S   0.0   0.7   0:00.47 gjs

   2702 arinaka   20   0 1541948   1.5g   2944 R  93.8  38.5   0:23.20 mem.sh
   1698 arinaka   20   0 4991064 107612  41736 S   0.0   2.7   0:23.71 gnome-s+
   2571 arinaka   20   0 2266972  59564  33908 S   0.0   1.5   0:30.02 gnome-t+
   2524 arinaka   20   0 2275748  50316  24932 S   0.0   1.3   0:04.82 nautilus
   2208 arinaka   20   0 2895668  29712  23412 S   0.0   0.7   0:00.47 gjs

   2702 arinaka   20   0 1913528   1.8g   2944 R 100.0  47.8   0:28.83 mem.sh
   1698 arinaka   20   0 4991064 107612  41736 S   0.0   2.7   0:23.71 gnome-s+
   2571 arinaka   20   0 2266972  59564  33908 S   0.0   1.5   0:30.02 gnome-t+
   2524 arinaka   20   0 2275748  50316  24932 S   0.0   1.3   0:04.83 nautilus
   2208 arinaka   20   0 2895668  29712  23412 S   0.0   0.7   0:00.47 gjs

   2702 arinaka   20   0 2287748   2.2g   2944 R  93.8  57.1   0:34.47 mem.sh
   1698 arinaka   20   0 4991064 107612  41736 S   0.0   2.7   0:23.72 gnome-s+
   2571 arinaka   20   0 2266972  59564  33908 S   0.0   1.5   0:30.02 gnome-t+
   2524 arinaka   20   0 2275748  50316  24932 S   0.0   1.3   0:04.84 nautilus
   2208 arinaka   20   0 2895668  29712  23412 S   0.0   0.7   0:00.47 gjs

   2702 arinaka   20   0 2663288   2.5g   2944 R 100.0  66.5   0:40.11 mem.sh
   1698 arinaka   20   0 4991064 107612  41736 S   0.0   2.7   0:23.72 gnome-s+
   2571 arinaka   20   0 2266972  59564  33908 S   0.0   1.5   0:30.02 gnome-t+
   2524 arinaka   20   0 2275748  50316  24932 S   0.0   1.3   0:04.85 nautilus
   2208 arinaka   20   0 2895668  29712  23412 S   0.0   0.7   0:00.47 gjs

   2702 arinaka   20   0 3037640   2.9g   2944 R 100.0  75.9   0:45.74 mem.sh
   1698 arinaka   20   0 4991064 107612  41736 S   0.0   2.7   0:23.72 gnome-s+
   2571 arinaka   20   0 2266972  59564  33908 S   0.0   1.5   0:30.02 gnome-t+
   2524 arinaka   20   0 2275748  50316  24932 S   0.0   1.3   0:04.86 nautilus
   2208 arinaka   20   0 2895668  29712  23412 S   0.0   0.7   0:00.47 gjs

   2702 arinaka   20   0 3396152   3.2g   2944 R  87.5  84.8   0:51.37 mem.sh
   1698 arinaka   20   0 4991224 107612  41736 S  31.2   2.7   0:24.44 gnome-s+
   2571 arinaka   20   0 2266972  59564  33908 S   0.0   1.5   0:30.02 gnome-t+
   2524 arinaka   20   0 2277152  51852  24932 S  37.5   1.3   0:05.43 nautilus
   2208 arinaka   20   0 2895668  29712  23412 S   0.0   0.7   0:00.47 gjs

   2702 arinaka   20   0 3750968   3.2g   2944 R 100.0  84.3   0:57.00 mem.sh
   1698 arinaka   20   0 4991240  93276  34696 S   6.2   2.3   0:25.49 gnome-s+
   2571 arinaka   20   0 2266972  52524  26868 S   0.0   1.3   0:30.02 gnome-t+
   2524 arinaka   20   0 2278620  48524  19428 S   0.0   1.2   0:06.62 nautilus
   2489 arinaka   20   0  635644  28124  22060 S   0.0   0.7   0:00.92 gnome-t+

   2702 arinaka   20   0 4117400   3.2g   2944 R 100.0  85.2   1:02.64 mem.sh
   1698 arinaka   20   0 4991224 101724  35720 S   0.0   2.5   0:25.56 gnome-s+
   2571 arinaka   20   0 2266972  52268  26612 S   0.0   1.3   0:30.02 gnome-t+
   2524 arinaka   20   0 2278620  48268  19172 S   0.0   1.2   0:06.63 nautilus
    361 root      rt   0  289948  25728   7040 S   0.0   0.6   0:00.22 multipa+

   2702 arinaka   20   0 4489112   3.3g   2944 R 100.0  85.8   1:08.27 mem.sh
   1698 arinaka   20   0 4991224 100444  35464 S   0.0   2.5   0:25.57 gnome-s+
   2524 arinaka   20   0 2278620  43916  14820 S   0.0   1.1   0:06.64 nautilus
   2571 arinaka   20   0 2266972  34220  14068 S   0.0   0.9   0:30.02 gnome-t+
    361 root      rt   0  289948  25728   7040 S   0.0   0.6   0:00.22 multipa+

   2702 arinaka   20   0 4864124   3.2g   2432 R  93.8  85.0   1:13.92 mem.sh
   1698 arinaka   20   0 4991224 100444  35464 S   0.0   2.5   0:25.57 gnome-s+
   2524 arinaka   20   0 2278620  43916  14820 S   0.0   1.1   0:06.65 nautilus
   2571 arinaka   20   0 2266972  34220  14068 S   0.0   0.9   0:30.02 gnome-t+
    361 root      rt   0  289948  25728   7040 S   0.0   0.6   0:00.22 multipa+

   2702 arinaka   20   0 5234780   3.2g   2432 R 100.0  84.2   1:19.55 mem.sh
   1698 arinaka   20   0 4991240 100444  35464 S   0.0   2.5   0:25.67 gnome-s+
   2524 arinaka   20   0 2278620  44044  14820 S   0.0   1.1   0:06.66 nautilus
   2571 arinaka   20   0 2266972  39212  14068 S   0.0   1.0   0:30.03 gnome-t+
    361 root      rt   0  289948  25728   7040 S   0.0   0.6   0:00.22 multipa+

   2702 arinaka   20   0 5593820   3.2g   2432 R 100.0  85.2   1:25.18 mem.sh
   1698 arinaka   20   0 4991224 101340  35592 S   0.0   2.5   0:26.63 gnome-s+
   2524 arinaka   20   0 2278620  48524  19300 S   6.7   1.2   0:07.19 nautilus
   2571 arinaka   20   0 2266972  39212  14068 S   0.0   1.0   0:30.04 gnome-t+
    361 root      rt   0  289948  25728   7040 S   0.0   0.6   0:00.22 multipa+

   2702 arinaka   20   0 5937416   3.2g   2432 R 100.0  83.8   1:30.80 mem.sh
   1698 arinaka   20   0 4991224 104540  37896 S  73.3   2.6   0:28.87 gnome-s+
   2571 arinaka   20   0 2273272  65188  31220 S 200.0   1.6   0:35.35 gnome-t+
   2524 arinaka   20   0 2278620  48140  19300 S   0.0   1.2   0:07.55 nautilus
    361 root      rt   0  289948  25728   7040 S   0.0   0.6   0:00.22 multipa+

   2702 arinaka   20   0 6283388   3.2g   2432 R 100.0  83.0   1:36.56 mem.sh
   1698 arinaka   20   0 4987064  99548  32648 S  40.0   2.5   0:31.57 gnome-s+
   2571 arinaka   20   0 2278908  70692  30964 S   0.0   1.8   0:41.22 gnome-t+
   2524 arinaka   20   0 2279652  48652  18660 S  20.0   1.2   0:08.37 nautilus
    361 root      rt   0  289948  25728   7040 S   0.0   0.6   0:00.22 multipa+

   2702 arinaka   20   0 6640316   3.2g   2432 R 100.0  84.2   1:42.21 mem.sh
   1698 arinaka   20   0 4991224  90204  28936 S   0.0   2.3   0:32.13 gnome-s+
   2571 arinaka   20   0 2278908  61860  29428 S   0.0   1.5   0:41.25 gnome-t+
   2524 arinaka   20   0 2280052  37132  14948 S   0.0   0.9   0:08.57 nautilus
    361 root      rt   0  289948  25728   7040 S   0.0   0.6   0:00.22 multipa+

   2702 arinaka   20   0 6822212   3.4g   1408 R  31.2  88.2   1:46.26 mem.sh
   1698 arinaka   20   0 4991224  68188   6920 R  25.0   1.7   0:33.08 gnome-s+
   2571 arinaka   20   0 2278908  31396   4340 S   0.0   0.8   0:41.25 gnome-t+
    361 root      rt   0  289948  25728   7040 S   0.0   0.6   0:00.22 multipa+
   2524 arinaka   20   0 2280052  23564   3044 R  31.2   0.6   0:09.33 nautilus

   2702 arinaka   20   0 6840692   3.4g   1920 D  43.8  88.6   1:48.43 mem.sh
   1698 arinaka   20   0 4991224  67676   6536 S   0.0   1.7   0:33.13 gnome-s+
   2571 arinaka   20   0 2278908  31652   4468 S   0.0   0.8   0:41.30 gnome-t+
    361 root      rt   0  289948  25728   7040 S   0.0   0.6   0:00.22 multipa+
   2524 arinaka   20   0 2280052  24204   3684 D  37.5   0.6   0:11.20 nautilus
   
   1698 arinaka   20   0 4995400  86876  25480 S   6.2   2.2   0:36.87 gnome-s+
   2524 arinaka   20   0 2280052  30732  11620 S   0.0   0.8   0:13.95 nautilus
   2571 arinaka   20   0 2278908  28452   5364 S   0.0   0.7   0:41.97 gnome-t+
    361 root      rt   0  289948  25728   7040 S   0.0   0.6   0:00.23 multipa+
   2489 arinaka   20   0  635936  18396  11948 S   0.0   0.5   0:01.45 gnome-t+