MiB Mem :   3905.0 total,   2132.4 free,   1273.6 used,    707.3 buff/cache     
MiB Mem :   3905.0 total,   1489.4 free,   1916.3 used,    707.6 buff/cache     
MiB Mem :   3905.0 total,    769.0 free,   2636.5 used,    707.6 buff/cache     
MiB Mem :   3905.0 total,    107.2 free,   3363.4 used,    646.9 buff/cache     
MiB Mem :   3905.0 total,    130.5 free,   3736.3 used,    222.6 buff/cache     
MiB Mem :   3905.0 total,     83.5 free,   3843.3 used,    131.4 buff/cache     
MiB Mem :   3905.0 total,    101.9 free,   3824.1 used,    129.1 buff/cache     
MiB Mem :   3905.0 total,    121.2 free,   3815.0 used,     99.4 buff/cache     
MiB Mem :   3905.0 total,    133.3 free,   3807.6 used,     89.9 buff/cache     
MiB Mem :   3905.0 total,    119.8 free,   3827.0 used,     78.2 buff/cache     
MiB Mem :   3905.0 total,     64.0 free,   3890.2 used,     63.7 buff/cache     
MiB Mem :   3905.0 total,   1573.6 free,   2360.9 used,    102.7 buff/cache     
MiB Mem :   3905.0 total,   1160.5 free,   2764.8 used,    122.8 buff/cache     
MiB Mem :   3905.0 total,    791.1 free,   3134.2 used,    122.9 buff/cache     
MiB Mem :   3905.0 total,    392.9 free,   3522.8 used,    141.9 buff/cache     
MiB Mem :   3905.0 total,    115.0 free,   3800.0 used,    143.5 buff/cache     
MiB Mem :   3905.0 total,    108.5 free,   3806.1 used,    144.2 buff/cache     
MiB Mem :   3905.0 total,     95.3 free,   3819.4 used,    143.8 buff/cache     
MiB Mem :   3905.0 total,    128.1 free,   3788.0 used,    141.7 buff/cache     
MiB Mem :   3905.0 total,    101.3 free,   3814.6 used,    141.7 buff/cache     
MiB Mem :   3905.0 total,     88.3 free,   3866.9 used,     63.4 buff/cache     
MiB Mem :   3905.0 total,   3539.1 free,    399.0 used,     97.6 buff/cache     