MiB Swap:   3904.0 total,   3904.0 free,      0.0 used.   2614.8 avail Mem 
MiB Swap:   3904.0 total,   3904.0 free,      0.0 used.   1968.3 avail Mem 
MiB Swap:   3904.0 total,   3904.0 free,      0.0 used.   1248.3 avail Mem 
MiB Swap:   3904.0 total,   3904.0 free,      0.0 used.    527.2 avail Mem 
MiB Swap:   3904.0 total,   3552.9 free,    351.1 used.    148.2 avail Mem 
MiB Swap:   3904.0 total,   2891.0 free,   1013.0 used.    105.0 avail Mem 
MiB Swap:   3904.0 total,   2234.7 free,   1669.3 used.     61.2 avail Mem 
MiB Swap:   3904.0 total,   1508.2 free,   2395.8 used.     88.2 avail Mem 
MiB Swap:   3904.0 total,    839.8 free,   3064.2 used.     77.1 avail Mem 
MiB Swap:   3904.0 total,    176.2 free,   3727.8 used.     55.3 avail Mem 
MiB Swap:   3904.0 total,      0.0 free,   3904.0 used.     12.8 avail Mem 
MiB Swap:   3904.0 total,   1512.5 free,   2391.5 used.   1524.4 avail Mem 
MiB Swap:   3904.0 total,   1540.3 free,   2363.7 used.   1129.9 avail Mem 
MiB Swap:   3904.0 total,   1540.3 free,   2363.7 used.    760.0 avail Mem 
MiB Swap:   3904.0 total,   1555.8 free,   2348.2 used.    369.6 avail Mem 
MiB Swap:   3904.0 total,   1468.1 free,   2435.9 used.     95.2 avail Mem 
MiB Swap:   3904.0 total,   1125.4 free,   2778.6 used.     87.1 avail Mem 
MiB Swap:   3904.0 total,    733.1 free,   3170.9 used.    122.7 avail Mem 
MiB Swap:   3904.0 total,    396.3 free,   3507.7 used.    106.6 avail Mem 
MiB Swap:   3904.0 total,     57.8 free,   3846.2 used.     87.0 avail Mem 
MiB Swap:   3904.0 total,      0.0 free,   3904.0 used.     38.6 avail Mem 
MiB Swap:   3904.0 total,   3143.9 free,    760.1 used.   3503.5 avail Mem 