   2425 arinaka   20   0   36356  32512   2816 R 100.0   0.8   0:00.48 mem.sh
   2425 arinaka   20   0  402656 398848   2944 R 100.0  10.0   0:06.27 mem.sh
   2425 arinaka   20   0  768032 764160   2944 R 100.0  19.1   0:12.06 mem.sh
   2425 arinaka   20   0 1131692   1.1g   2944 R 100.0  28.2   0:17.86 mem.sh
   2425 arinaka   20   0 1496936   1.4g   2432 R  93.8  35.5   0:23.70 mem.sh
   2425 arinaka   20   0 1857560   1.5g   2304 R 100.0  38.9   0:29.51 mem.sh
   2425 arinaka   20   0 2216732   1.5g   2304 R 100.0  40.6   0:35.31 mem.sh
   2425 arinaka   20   0 2574584   1.7g   2304 R 100.0  43.7   0:41.11 mem.sh
   2425 arinaka   20   0 2931512   1.7g   2176 R  93.8  44.1   0:46.94 mem.sh
   2425 arinaka   20   0 3289496   1.7g   1920 R  93.8  44.2   0:52.81 mem.sh
   2425 arinaka   20   0 3407108   1.7g   1664 D  40.0  45.6   0:55.77 mem.sh
   2425 arinaka   20   0 3707144   2.0g   2432 R 100.0  51.7   1:00.71 mem.sh
   2425 arinaka   20   0 4069880   2.3g   2432 R 100.0  60.8   1:06.35 mem.sh
   2425 arinaka   20   0 4443308   2.7g   2432 R 100.0  70.2   1:11.99 mem.sh
   2425 arinaka   20   0 4815812   3.0g   2432 R 100.0  79.5   1:17.62 mem.sh
   2425 arinaka   20   0 5184356   3.3g   2432 R  93.8  86.4   1:23.27 mem.sh
   2425 arinaka   20   0 5547488   3.3g   2432 R 100.0  86.7   1:28.91 mem.sh
   2425 arinaka   20   0 5912600   3.3g   2432 R  93.8  85.8   1:34.58 mem.sh
   2425 arinaka   20   0 6278768   3.3g   2432 R 100.0  86.3   1:40.23 mem.sh
   2425 arinaka   20   0 6641240   3.2g   2432 R 100.0  85.2   1:45.88 mem.sh
   2425 arinaka   20   0 6779444   3.4g   1408 R  40.0  88.6   1:49.32 mem.sh