   1644 arinaka   20   0 4934264 360416 136588 S   0.0   9.0   0:15.24 gnome-s+
   2003 arinaka   20   0 2295668 238452 108484 S  13.3   6.0   0:06.91 nautilus
   2323 arinaka   20   0 2263984 220176 106844 S   0.0   5.5   0:14.32 gnome-t+
   2098 arinaka   39  19  716208  89256  19460 S   0.0   2.2   0:00.17 tracker+
   2103 arinaka   20   0 1272684  85172  64192 S   0.0   2.1   0:00.07 mutter-+
   
   2426 arinaka   20   0  424436 420736   2944 R 100.0  10.5   0:06.58 mem2.sh
   2425 arinaka   20   0  422324 418560   2944 R 100.0  10.5   0:06.58 mem.sh
   1644 arinaka   20   0 4930104 360416 136588 S   0.0   9.0   0:15.29 gnome-s+
   2003 arinaka   20   0 2295836 238452 108484 S   0.0   6.0   0:06.98 nautilus
   2323 arinaka   20   0 2263984 220176 106844 S   0.0   5.5   0:14.32 gnome-t+
   
   2426 arinaka   20   0  792320 788480   2944 R  93.8  19.7   0:12.37 mem2.sh
   2425 arinaka   20   0  787172 783488   2944 R  93.8  19.6   0:12.37 mem.sh
   1644 arinaka   20   0 4934264 360416 136588 S   0.0   9.0   0:15.29 gnome-s+
   2003 arinaka   20   0 2295836 238452 108484 S   0.0   6.0   0:06.99 nautilus
   2323 arinaka   20   0 2263984 220176 106844 S   0.0   5.5   0:14.32 gnome-t+
   
   2426 arinaka   20   0 1158884   1.1g   2944 R 100.0  28.9   0:18.16 mem2.sh
   2425 arinaka   20   0 1151888   1.1g   2944 R 100.0  28.7   0:18.17 mem.sh
   1644 arinaka   20   0 4936604 360416 136588 S   0.0   9.0   0:15.29 gnome-s+
   2003 arinaka   20   0 2295836 238452 108484 S   6.7   6.0   0:07.02 nautilus
   2323 arinaka   20   0 2263984 220176 106844 S   0.0   5.5   0:14.32 gnome-t+
   
   2426 arinaka   20   0 1522676   1.3g   2560 R  93.8  35.4   0:24.00 mem2.sh
   2425 arinaka   20   0 1515944   1.3g   2432 R  93.8  35.2   0:24.01 mem.sh
   1644 arinaka   20   0 4932444 245984  83596 S   0.0   6.2   0:15.32 gnome-s+
   2003 arinaka   20   0 2295836 182516  60484 S   0.0   4.6   0:07.04 nautilus
   2323 arinaka   20   0 2263984 149520  60892 S   0.0   3.7   0:14.32 gnome-t+
   
   2426 arinaka   20   0 1883432   1.5g   2432 R  93.8  39.1   0:29.81 mem2.sh
   2425 arinaka   20   0 1876568   1.5g   2304 R 100.0  38.9   0:29.82 mem.sh
   1644 arinaka   20   0 4932444 168032  43276 S   0.0   4.2   0:15.40 gnome-s+
   2323 arinaka   20   0 2263984 116112  27484 S   0.0   2.9   0:14.32 gnome-t+
   2003 arinaka   20   0 2295836  65140  27460 S   0.0   1.6   0:07.06 nautilus
   
   2426 arinaka   20   0 2244056   1.6g   2432 R 100.0  41.2   0:35.61 mem2.sh
   2425 arinaka   20   0 2236004   1.6g   2304 R 100.0  41.1   0:35.62 mem.sh
   1644 arinaka   20   0 4932444 154464  39436 S   0.0   3.9   0:15.40 gnome-s+
   2323 arinaka   20   0 2263984  63376  27484 S   0.0   1.6   0:14.32 gnome-t+
   2132 arinaka   20   0 2887420  30844  22796 S   0.0   0.8   0:00.25 gjs
   
   2426 arinaka   20   0 2603624   1.7g   2304 R  93.8  43.6   0:41.42 mem2.sh
   2425 arinaka   20   0 2593592   1.7g   2304 R  93.8  43.4   0:41.43 mem.sh
   1644 arinaka   20   0 4932444  56288  23180 S   0.0   1.4   0:15.41 gnome-s+
    362 root      rt   0  289948  25728   7040 S   0.0   0.6   0:00.01 multipa+
   2003 arinaka   20   0 2295836  23280  17344 S   0.0   0.6   0:07.09 nautilus
   
   2426 arinaka   20   0 2960816   1.7g   2304 R 100.0  44.7   0:47.25 mem2.sh
   2425 arinaka   20   0 2950520   1.7g   2176 R  93.3  44.6   0:47.25 mem.sh
   1644 arinaka   20   0 4932444  47656  15060 S   0.0   1.2   0:15.41 gnome-s+
    362 root      rt   0  289948  25728   7040 S   0.0   0.6   0:00.01 multipa+
   2132 arinaka   20   0 2887420  18172  11788 S   0.0   0.5   0:00.25 gjs
   
   2426 arinaka   20   0 3319724   1.7g   2048 R 100.0  44.8   0:53.12 mem2.sh
   2425 arinaka   20   0 3308504   1.7g   1920 R 100.0  44.6   0:53.13 mem.sh
   1644 arinaka   20   0 4932444  38696   7892 S   0.0   1.0   0:15.41 gnome-s+
    362 root      rt   0  289948  25728   7040 S   0.0   0.6   0:00.01 multipa+
   2003 arinaka   20   0 2295836  13296   7488 S   6.7   0.3   0:07.14 nautilus
   
   2426 arinaka   20   0 3421496   1.7g   2048 R  22.2  45.8   0:55.89 mem2.sh
   2425 arinaka   20   0 3410012   1.7g   2176 R  33.3  45.7   0:55.90 mem.sh
    362 root      rt   0  289948  25728   7040 S   0.0   0.6   0:00.01 multipa+
   1644 arinaka   20   0 4928284  21160   4052 R  22.2   0.5   0:16.05 gnome-s+
   2003 arinaka   20   0 2295836   8304   3648 R  33.3   0.2   0:07.42 nautilus
   
   2425 arinaka   20   0 3717308   2.0g   2432 R 100.0  52.0   1:00.87 mem.sh
   1644 arinaka   20   0 4932444  44256  15372 S   6.2   1.1   0:16.39 gnome-s+
    362 root      rt   0  289948  25728   7040 S   0.0   0.6   0:00.01 multipa+
   2003 arinaka   20   0 2295836  16496  11072 S   6.2   0.4   0:07.71 nautilus
   2392 arinaka   20   0  634600  13356  11720 S   0.0   0.3   0:00.27 gnome-t+
   
   2425 arinaka   20   0 4080044   2.3g   2432 R 100.0  61.1   1:06.51 mem.sh
   1644 arinaka   20   0 4932444  70368  19468 S   6.7   1.8   0:16.49 gnome-s+
    362 root      rt   0  289948  25728   7040 S   0.0   0.6   0:00.02 multipa+
   2003 arinaka   20   0 2295836  16624  11072 S   0.0   0.4   0:07.72 nautilus
   2392 arinaka   20   0  634600  13356  11720 S   0.0   0.3   0:00.27 gnome-t+
   
   2425 arinaka   20   0 4453340   2.7g   2432 R 100.0  70.4   1:12.14 mem.sh
   1644 arinaka   20   0 4932444  70496  19468 S   0.0   1.8   0:16.51 gnome-s+
    362 root      rt   0  289948  25728   7040 S   0.0   0.6   0:00.02 multipa+
   2003 arinaka   20   0 2295836  16624  11072 S   0.0   0.4   0:07.73 nautilus
   2392 arinaka   20   0  634600  13356  11720 S   0.0   0.3   0:00.27 gnome-t+
   
   2425 arinaka   20   0 4825976   3.0g   2432 R 100.0  79.7   1:17.78 mem.sh
   1644 arinaka   20   0 4932444  76128  23948 S   0.0   1.9   0:16.55 gnome-s+
    362 root      rt   0  289948  25728   7040 S   0.0   0.6   0:00.02 multipa+
   2003 arinaka   20   0 2295836  17392  11584 S   0.0   0.4   0:07.74 nautilus
   2132 arinaka   20   0 2887420  16124  12172 S   0.0   0.4   0:00.27 gjs
   
   2425 arinaka   20   0 5194520   3.3g   2432 R 100.0  86.7   1:23.43 mem.sh
   1644 arinaka   20   0 4932444  76384  23948 S   6.7   1.9   0:16.58 gnome-s+
    362 root      rt   0  289948  25728   7040 S   0.0   0.6   0:00.02 multipa+
   2132 arinaka   20   0 2887420  18684  12684 S   0.0   0.5   0:00.28 gjs
   2003 arinaka   20   0 2295836  17392  11584 S   0.0   0.4   0:07.75 nautilus
   
   2425 arinaka   20   0 5557520   3.3g   2432 R 100.0  86.9   1:29.06 mem.sh
   1644 arinaka   20   0 4932444  76512  23948 S   6.7   1.9   0:16.61 gnome-s+
    362 root      rt   0  289948  25728   7040 S   0.0   0.6   0:00.02 multipa+
   2132 arinaka   20   0 2887420  18684  12684 S   0.0   0.5   0:00.28 gjs
   2003 arinaka   20   0 2295836  17392  11584 S   0.0   0.4   0:07.76 nautilus
   
   2425 arinaka   20   0 5922896   3.3g   2432 R 100.0  86.0   1:34.74 mem.sh
   1644 arinaka   20   0 4932444  76512  23948 S   6.7   1.9   0:16.65 gnome-s+
    362 root      rt   0  289948  25728   7040 S   0.0   0.6   0:00.02 multipa+
   2132 arinaka   20   0 2887420  18684  12684 S   0.0   0.5   0:00.28 gjs
   2003 arinaka   20   0 2295836  17392  11584 S   0.0   0.4   0:07.77 nautilus
   
   2425 arinaka   20   0 6288008   3.2g   2432 R 100.0  84.8   1:40.39 mem.sh
   1644 arinaka   20   0 4932444  76512  23948 S   0.0   1.9   0:16.67 gnome-s+
    362 root      rt   0  289948  25728   7040 S   0.0   0.6   0:00.02 multipa+
   2132 arinaka   20   0 2887420  18684  12684 S   0.0   0.5   0:00.28 gjs
   2003 arinaka   20   0 2295836  17392  11584 S   0.0   0.4   0:07.79 nautilus
   
   2425 arinaka   20   0 6651536   3.3g   2432 R  93.8  85.5   1:46.03 mem.sh
   1644 arinaka   20   0 4932444  76640  23948 S   0.0   1.9   0:16.70 gnome-s+
    362 root      rt   0  289948  25728   7040 S   0.0   0.6   0:00.02 multipa+
   2132 arinaka   20   0 2887420  18684  12684 S   0.0   0.5   0:00.28 gjs
   2003 arinaka   20   0 2295836  17392  11584 S   6.2   0.4   0:07.81 nautilus
   
   2425 arinaka   20   0 6781952   3.4g   1280 R  46.7  88.7   1:49.42 mem.sh
   1644 arinaka   20   0 4932444  58208   5516 S  13.3   1.5   0:17.69 gnome-s+
    362 root      rt   0  289948  25728   7040 S   0.0   0.6   0:00.02 multipa+
   2003 arinaka   20   0 2295836   9328   3520 D  33.3   0.2   0:08.01 nautilus
   2132 arinaka   20   0 2887420   8444   2444 S   0.0   0.2   0:00.28 gjs
   
   1644 arinaka   20   0 4932444  56160  13580 S   6.2   1.4   0:18.65 gnome-s+
    362 root      rt   0  289948  25728   7040 S   0.0   0.6   0:00.02 multipa+
   2003 arinaka   20   0 2295836  17008  11200 S   0.0   0.4   0:08.79 nautilus
   2392 arinaka   20   0  634600  12844  11080 S   0.0   0.3   0:00.83 gnome-t+
    324 root      19  -1   41688  11136  10624 S   0.0   0.3   0:00.17 systemd+