
1 processor, sequentially
N = 1
1.52
1.50
1.48
1.43
1.43
1.44
1.42
1.50
1.43
1.43
avg: 1.457

N = 2
2.85
2.87
2.85
2.93
2.86
2.83
2.85
2.89
2.85
2.85
avg: 2.863

N = 3
4.26
4.28
4.33
4.29
4.28
4.29
4.30
4.29
4.26
4.32
avg: 4.29

N = 4
5.75
5.92
6.19
6.14
6.05
5.88
5.93
5.97
5.95
6.03
avg: 5.981

N = 5
7.38
7.42
7.41
7.58
7.44
7.34
7.20
7.20
7.19
7.17
avg: 7.333

N = 6
8.60
8.65
8.62
8.64
8.63
8.60
8.57
8.61
8.59
8.64
avg: 8.615

N = 7
10.02
10.04
10.04
10.05
10.11
10.15
10.19
10.16
10.08
10.45
avg: 10.129

N = 8
11.53
11.64
11.64
11.88
11.62
11.50
11.49
11.49
11.53
11.51
avg: 11.583

N = 9
12.92
12.90
12.93
13.21
13.15
12.91
13.01
12.90
12.97
12.96
avg: 12.986

N = 10
14.33
14.43
14.30
14.38
14.42
14.31
14.61
14.29
14.46
14.38
avg: 14.391

N = 11
15.83
15.80
16.04
15.78
15.85
15.81
15.75
15.91
15.73
15.80
avg: 15.830

N = 12
17.52
17.22
17.22
17.20
17.19
17.26
17.25
17.25
17.22
17.28
avg: 17.261

N = 13
18.62
18.85
18.75
18.73
18.63
18.61
18.73
18.93
18.45
18.97
avg: 18.726

N = 14
20.65
20.46
20.36
20.86
20.97
20.98
20.75
20.34
20.78
20.56
avg: 20.671

N = 15
22.30
22.37
22.58
22.24
22.78
22.48
22.67
22.56
22.34
22.87
avg: 22.519

N = 16
24.52
24.35
24.48
24.45
24.39
24.48
24.85
24.78
24.39
24.46
avg: 24.515

N = 17
25.39
25.43
24.50
24.39
24.49
24.28
24.39
24.40
24.92
24.43
avg: 24.662

N = 18
26.93
26.05
27.43
26.30
26.49
26.39
26.48
26.74
26.95
26.38
avg: 26.613

N = 19
28.93
28.48
28.93
28.94
28.34
28.42
28.85
28.83
28.34
28.28
avg: 28.634

N = 20
30.03
31.23
31.12
32.35
31.34
31.29
31.85
31.39
31.36
31.47
avg: 31.343


