1 processor, parallel
N = 1
1.54
1.44
1.50
1.44
1.43
1.44
1.44
1.42
1.47
1.44
avg: 1.456

N = 2
2.86
2.96
2.89
2.88
2.88
2.88
2.85
2.88
2.95
2.91
avg: 2.893

N = 3
4.43
4.52
4.56
4.45
4.44
4.34
4.42
4.35
4.32
4.35
avg: 4.418

N = 4
5.83
5.80
5.79
5.76
5.77
5.74
5.78
5.81
5.78
5.81
avg: 5.787

N = 5
7.25
7.28
7.23
7.23
7.24
7.30
7.23
7.40
7.50
7.26
avg: 7.292

N = 6
8.80
8.69
8.82
8.69
8.79
8.67
8.89
8.67
8.66
8.76
avg: 8.744

N = 7
10.12
10.16
10.22
10.20
10.20
10.19
10.25
10.12
10.39
11.70
avg: 10.355

N = 8
12.18
11.86
12.13
11.83
11.78
11.70
11.82
11.71
11.93
12.22
avg: 11.916

N = 9
13.15
13.19
13.16
13.13
13.32
13.23
13.39
13.07
13.10
13.19
avg: 13.193

N = 10
14.65
14.59
14.82
14.77
15.34
14.89
15.03
14.96
15.00
14.99
avg: 14.904

N = 11
16.09
15.96
16.71
16.53
16.43
16.11
16.43
16.47
16.07
16.18
avg: 16.298

N = 12
17.46
17.68
17.79
17.92
17.42
17.67
17.46
17.68
18.09
17.66
avg: 17.683

N = 13
19.72
19.64
19.30
19.63
19.88
20.26
19.64
19.20
19.48
19.28
avg: 19.602

N = 14
20.64
20.58
20.58
20.59
20.61
20.55
20.56
20.45
20.69
20.54
avg: 20.578

N = 15
22.54
22.45
22.56
22.74
22.34
22.23
22.74
22.28
22.57
22.35
avg: 22.479

N = 16
24.36
24.45
24.26
24.48
24.57
24.45
24.34
24.83
24.65
24.54
avg: 24.493

N = 17
26.35
26.35
26.56
26.42
26.43
26.64
26.62
26.34
26.34
26.26
avg: 26.431

N = 18
28.32
28.35
28.74
28.57
28.03
28.48
28.38
28.23
28.48
28.36
avg: 28.393

N = 19
30.44
30.67
30.68
30.68
30.75
30.79
30.76
30.58
30.37
30.34
avg: 30.605

N = 20
32.45
32.45
32.44
32.43
32.43
32.34
32.23
32.44
32.34
32.23
avg: 32.345