2 processors, sequentially
N = 1
1.07
0.99
1.01
1.15
1.04
1.06
1.17
1.06
1.05
1.10
avg: 1.04

N = 2
2.03
2.00
1.97
2.17
2.05
1.97
2.02
2.21
2.00
1.98
avg: 2.03

N = 3
3.03
2.97
3.02
3.09
2.94
3.05
3.02
2.87
2.75
3.30
avg: 3.02

N = 4
4.09
4.30
4.17
4.07
4.15
4.10
4.17
4.50
4.35
4.11
avg: 4.16

N = 5
5.03
5.60
5.15
5.10
4.71
5.23
5.14
5.27
4.49
5.39
avg: 5.21

N = 6
6.07
6.39
6.37
6.17
6.17
6.20
6.37
6.31
6.65
5.92
avg: 6.25

N = 7
6.64
6.51
6.94
7.52
7.50
7.02
7.40
6.49
6.43
6.33
avg: 7.00

N = 8
8.08
8.18
8.07
8.18
8.32
8.50
8.54
8.81
8.72
8.41
avg: 8.32

N = 9
9.42
8.81
8.82
9.45
9.37
9.54
9.36
9.36
9.47
9.56
avg: 9.12

N = 10
11.34
10.23
10.34
10.45
10.23
10.57
10.34
10.75
10.36
10.21
avg: 10.59

N = 11
11.36
12.46
12.31
11.23
11.64
11.26
11.53
11.15
11.32
11.25
avg: 11.49

N = 12
13.01
12.95
12.84
13.02
12.67
12.89
12.72
12.98
13.11
12.94
avg: 12.89

N = 13
13.37
13.56
13.61
13.45
13.79
13.52
13.66
14.12
13.54
13.48
avg: 13.05

N = 14
13.28
14.23
15.51
14.33
14.42
14.55
14.48
14.67
14.39
14.25
avg: 14.28

N = 15
15.25
15.33
15.22
15.54
15.63
15.47
15.68
15.73
15.61
15.49
avg: 15.47

N = 16
16.36
16.24
16.56
17.42
16.79
16.63
16.45
16.38
18.51
16.29
avg: 16.42

N = 17
17.23
17.51
17.37
17.29
17.68
16.45
17.52
17.63
17.58
17.71
avg: 17.51

N = 18
18.12
18.27
18.34
18.48
18.59
18.76
18.63
18.51
19.42
18.57
avg: 18.22

N = 19
19.25
19.16
19.29
19.43
19.31
19.58
19.47
19.63
19.75
19.88
avg: 19.45

N = 20
20.16
20.24
20.38
20.45
20.57
20.66
20.71
20.84
20.92
20.79
avg: 20.57