2 processors, parallel
N = 1
0.98
1.02
1.18
1.05
1.00
1.09
0.97
1.15
1.03
1.14
avg: 1.08

N = 2
1.67
1.70
1.64
1.74
1.87
1.86
1.78
1.88
1.75
1.91
avg: 1.77

N = 3
3.11
2.58
3.13
2.75
2.52
2.91
2.65
2.37
2.52
2.70
avg: 2.79

N = 4
3.42
3.40
3.89
3.59
3.76
3.32
3.37
3.41
3.84
3.65
avg: 3.63

N = 5
4.86
4.46
4.78
4.60
4.90
4.73
5.11
5.00
4.35
4.62
avg: 4.82

N = 6
5.14
6.12
6.09
5.07
5.76
6.16
6.15
5.92
5.91
5.83
avg: 5.74

N = 7
7.07
6.47
6.98
6.86
6.91
6.87
7.50
5.90
6.12
7.13
avg: 6.79

N = 8
7.86
7.61
7.71
7.79
7.78
7.89
7.86
7.45
7.45
7.87
avg: 7.75

N = 9
8.98
9.12
7.90
7.88
8.51
7.54
8.99
9.10
7.65
7.67
avg: 8.41

N = 10
9.77
10.05
8.51
9.76
9.79
9.66
9.69
9.42
9.66
9.91
avg: 9.53

N = 11
10.79
10.87
10.91
10.68
11.16
10.97
10.94
10.82
10.88
11.11
avg: 10.80

N = 12
11.51
11.29
11.01
12.55
12.22
12.04
12.14
11.96
11.48
11.55
avg: 11.40

N = 13
13.05
11.27
12.20
11.17
12.36
11.07
13.16
12.64
12.43
13.02
avg: 12.18

N = 14
13.74
12.84
13.30
13.39
13.38
12.83
13.95
13.26
14.08
13.42
avg: 13.30

N = 15
13.66
13.92
14.99
14.87
13.40
14.15
14.97
14.51
13.92
14.26
avg: 14.36

N = 16
14.56
15.58
14.40
15.10
16.10
15.53
15.58
15.72
15.65
16.04
avg: 15.51

N = 17
16.96
17.19
17.18
17.21
17.14
17.10
17.24
16.84
14.99
17.20
avg: 17.02

N = 18
18.22
19.54
17.92
18.11
17.57
17.60
17.63
17.99
17.40
16.20
avg: 17.96

N = 19
17.97
17.97
18.15
18.57
17.06
17.01
19.15
16.77
18.95
16.86
avg: 17.76

N = 20
19.38
19.41
17.25
17.37
19.22
19.96
19.63
18.96
20.13
19.08
avg: 18.73