N = 1
2.65
2.48
2.49
2.49
2.48
2.48
2.46
2.48
2.47
2.48
avg: 2.496

N = 2
4.94
4.94
4.92
4.96
4.95
4.93
4.97
4.95
4.97
4.94
avg: 4.947

N = 3
7.38
7.40
7.40
7.42
7.40
7.42
7.38
7.38
7.42
7.41
avg: 7.401

N = 4
9.81
9.80
9.85
9.85
9.87
9.86
9.88
9.90
9.86
9.88
avg: 9.856

N = 5
12.42
12.35
12.32
12.27
12.22
12.32
12.30
12.30
12.33
12.26
avg: 12.309

N = 6
14.80
14.17
14.45
14.82
14.81
14.73
14.71
14.79
14.79
14.78
avg: 14.684

N = 7
17.23
17.23
17.54
17.61
17.21
17.24
17.28
17.28
17.21
17.39
avg: 17.322

N = 8
19.45
19.14
19.72
19.70
19.70
19.60
19.70
19.64
19.36
19.66
avg: 19.567

N = 9
22.22
22.19
22.17
22.13
22.13
22.22
22.16
22.13
22.12
22.23
avg: 22.169

N = 10
25.90
25.88
25.80
25.79
25.85
25.91
25.93
25.65
25.72
25.88
avg: 25.831

N=11
27.13
27.43
27.22
27.65
27.87
27.56
27.44
27.67
27.29
27.32
avg: 27.458

N=12
29.34
29.17
29.56
29.89
29.55
29.76
29.44
29.71
29.77
29.23
avg: 29.542

N=13
31.45
31.34
31.87
31.87
31.76
31.39
31.77
31.23
31.67
31.24
avg: 31.55

N=14
33.27
33.75
33.34
33.78
33.99
33.78
33.33
33.56
33.32
33.11
avg: 33.523

N=15
35.27
35.11
35.16
35.45
35.43
35.23
35.98
35.74
35.82
35.81
avg: 35.5

N=16
38.81
38.78
38.45
38.69
38.19
37.45
38.34
37.76
38.43
38.87
avg: 38.377

N=17
39.23
40.67
40.45
38.34
39.23
40.77
40.75
40.68
40.86
39.78
avg: 40.076

N=18
43.12
42.67
43.43
43.23
43.78
43.73
43.97
42.28
42.27
43.34
avg: 43.181

N=19
45.34
44.22
44.56
44.49
45.40
43.34
44.35
44.12
45.34
45.87
avg: 44.703

N=20
47.89
47.68
48.79
48.56
48.59
48.78
47.98
48.58
48.48
48.68
avg: 48.409
