N = 1
2.92
3.01
3.11
3.78
3.58
2.84
2.47
2.48
2.46
2.45
avg: 3.01

N = 2
5.01
5.02
5.02
5.04
4.98
4.99
4.98
5.03
5.04
5.02
avg: 5.013

N = 3
7.63
7.60
7.58
7.60
7.58
7.61
7.57
7.59
7.65
7.61
avg: 7.602

N = 4
10.22
10.19
10.18
10.18
10.19
10.21
10.23
10.18
10.19
10.22
avg: 10.198

N = 5
12.85
12.87
12.86
12.82
13.18
12.87
12.89
12.75
12.79
12.88
avg: 12.876

N = 6
15.52
15.46
15.45
15.51
15.36
17.57
15.59
15.55
15.60
15.51
avg: 15.712

N = 7
18.06
18.00
18.03
17.98
18.06
18.04
18.01
18.15
18.01
17.99
avg: 18.033

N = 8
21.59
21.98
20.72
20.68
20.65
20.72
20.73
23.13
21.70
20.70
avg: 21.259

N = 9
23.35
23.35
23.39
23.34
23.28
23.42
23.27
23.39
23.34
23.33
avg: 23.346

N = 10
27.48
26.89
26.99
25.96
26.05
26.01
26.00
25.91
25.96
25.98
avg: 26.323

N = 11
29.02
29.66
28.65
28.62
28.60
28.64
29.62
28.66
28.57
28.63
avg: 28.867

N = 12
31.30
31.30
31.22
31.25
32.21
31.22
31.34
31.27
31.27
31.31
avg: 31.369

N = 13
33.97
34.03
33.91
34.29
33.93
33.88
33.97
33.88
33.77
33.89
avg: 33.952

N = 14
36.45
36.46
36.59
36.48
36.55
36.54
36.56
36.49
36.46
36.87
avg: 36.544

N = 15
42.78
40.45
39.37
40.48
40.49
40.23
40.60
40.67
40.99
40.87
avg: 40.693

N = 16
43.39
43.56
43.28
43.68
43.95
43.39
43.50
43.28
43.39
43.41
avg: 43.482

N = 17
46.13
45.98
45.74
46.25
46.79
46.11
46.34
46.38
46.92
46.39
avg: 46.303

N = 18
48.17
49.43
49.87
49.59
49.37
49.68
49.33
49.21
49.92
49.23
avg: 49.38

N = 19
51.32
51.82
51.40
51.31
51.93
51.72
51.35
51.79
51.28
51.23
avg: 51.515

N = 20
54.46
54.39
55.92
55.84
55.37
55.48
55.56
55.29
55.38
55.36
avg: 55.304
