2 processors, sequentially
N = 1
2.95
2.90
2.90
2.91
2.93
2.90
2.89
2.91
2.88
2.91
avg: 2.908

N = 2
5.82
5.82
5.82
5.82
5.85
5.81
5.81
5.85
5.82
5.83
avg: 5.825

N = 3
8.75
8.76
8.74
8.76
8.76
8.74
8.74
8.78
8.73
8.73
avg: 8.749

N = 4
11.73
11.68
11.97
11.56
11.67
11.71
11.69
11.65
11.69
11.67
avg: 11.702

N = 5
14.64
14.62
14.60
14.59
14.58
14.60
14.59
14.57
14.74
14.64
avg: 14.617

N = 6
17.48
17.52
17.46
17.54
17.49
17.52
17.55
17.54
17.52
17.73
avg: 17.535

N = 7
20.47
20.40
20.47
20.44
20.42
20.43
20.41
20.46
20.91
20.41
avg: 20.482

N = 8
22.56
22.34
22.46
22.23
22.54
22.23
22.76
22.45
22.24
22.18
avg: 22.398

N = 9
23.37
24.21
24.48
24.52
24.38
24.57
24.56
24.43
24.24
24.78
avg: 24.354

N = 10
25.35
26.47
26.76
26.48
26.68
26.42
26.46
26.58
26.35
26.52
avg: 26.407

N = 11
28.38
28.25
28.35
28.79
29.87
29.37
28.45
28.23
28.45
28.67
avg: 28.681

N = 12
30.45
30.37
30.68
30.50
30.64
30.34
30.76
30.32
31.37
30.68
avg: 30.611

N = 13
33.25
32.75
32.58
33.56
32.45
32.86
32.48
32.43
32.65
32.76
avg: 32.776

N = 14
34.36
35.45
35.34
34.28
34.68
34.97
34.53
34.34
34.47
34.36
avg: 34.678

N = 15
36.73
35.37
35.68
35.36
35.46
35.48
35.65
35.24
35.65
35.67
avg: 35.629

N = 16
37.39
37.47
38.87
37.28
37.49
37.98
37.28
37.30
37.43
37.29
avg: 37.578

N = 17
40.56
40.98
40.49
40.29
40.39
40.28
40.31
40.47
40.46
40.83
avg: 40.505

N = 18
43.39
42.34
42.57
42.48
42.68
42.36
42.18
43.59
42.64
44.23
avg: 42.846

N = 19
45.67
45.46
44.26
44.34
45.47
44.47
44.68
45.54
44.38
44.68
avg: 44.894

N = 20 
46.93
46.94
47.32
46.83
46.57
45.93
47.84
46.64
46.38
46.47
avg: 46.785