2 processors, parallel
N = 1
3.05
2.87
2.89
2.89
2.91
2.89
2.89
2.90
2.91
2.96
avg: 2.916

N = 2
3.07
2.84
2.74
2.75
2.75
2.76
2.75
2.73
2.75
2.73
avg: 2.787

N = 3
4.44
4.42
4.39
4.43
4.38
4.39
4.36
4.37
4.38
4.36
avg: 4.392

N = 4
5.76
5.73
5.73
5.74
5.73
5.75
5.95
5.81
6.26
7.51
avg: 5.997

N = 5
9.11
7.33
7.37
10.79
8.08
7.39
7.38
7.40
7.82
7.55
avg: 8.021

N = 6
8.91
9.00
9.26
8.83
9.07
9.10
8.90
9.10
8.94
9.12
avg: 9.023

N = 7
10.52
10.71
10.60
10.63
10.71
10.62
10.70
10.71
10.18
11.38
avg: 10.675

N = 8
12.47
12.16
12.34
12.22
12.27
12.32
12.32
12.36
12.31
12.34
avg: 12.311

N = 9
13.96
13.98
14.04
14.00
14.08
14.25
14.34
14.41
14.49
14.46
avg: 14.200

N = 10
16.16
17.88
16.31
16.14
16.08
16.05
16.00
16.02
16.05
17.98
avg: 16.467

N = 11
18.61
17.84
17.83
17.79
17.77
17.79
17.78
17.89
17.91
18.88
avg: 18.009

N = 12
21.34
19.73
19.63
19.61
19.68
20.87
19.26
23.01
19.27
19.26
avg: 20.166

N = 13
20.82
20.93
21.35
21.30
24.13
22.27
21.44
21.39
20.98
21.00
avg: 21.561

N = 14
22.35
22.94
22.46
22.74
22.73
22.70
22.66
22.79
23.29
22.80
avg: 22.746

N = 15
25.57
24.95
24.69
24.74
24.39
24.32
24.73
24.79
24.38
24.34
avg: 24.689

N = 16
26.82
26.74
26.93
26.28
26.57
26.38
26.22
26.37
26.82
26.73
avg: 26.586

N = 17
28.82
29.32
28.37
28.48
28.58
28.96
28.45
28.43
28.28
28.58
avg: 28.627

N = 18
30.95
30.19
30.58
30.25
30.27
30.98
30.71
30.39
30.72
30.43
avg: 30.546

N = 19
32.63
32.76
32.95
32.47
32.39
32.59
32.32
32.25
32.59
32.68
avg: 32.563

N = 20
34.37
34.56
34.32
34.78
34.58
34.95
34.37
34.97
34.42
34.23
avg: 34.555
